<?xml version="1.0" encoding="UTF-8"?>
<testng-results total="1" passed="1" failed="0" skipped="0">
  <reporter-output>
  </reporter-output>
  <suite started-at="2021-02-21T11:10:22Z" name="All Test Suite" finished-at="2021-02-21T11:10:28Z" duration-ms="5570">
    <groups>
    </groups>
    <test started-at="2021-02-21T11:10:22Z" name="selenium_eobuwie" finished-at="2021-02-21T11:10:28Z" duration-ms="5570">
      <class name="tests.LoginUserTest">
        <test-method is-config="true" signature="beforeSuite()[pri:0, instance:tests.LoginUserTest@66d1af89]" started-at="2021-02-21T11:10:20Z" name="beforeSuite" finished-at="2021-02-21T11:10:22Z" duration-ms="2197" status="PASS">
        </test-method>
        <test-method signature="loginUserTest(java.lang.String, java.lang.String)[pri:0, instance:tests.LoginUserTest@66d1af89]" started-at="2021-02-21T11:10:22Z" name="loginUserTest" finished-at="2021-02-21T11:10:28Z" duration-ms="5560" status="PASS">
          <params>
            <param index="0">
              <value>
                <![CDATA[adamnowak1@wp.pl]]>
              </value>
            </param>
            <param index="1">
              <value>
                <![CDATA[admin123]]>
              </value>
            </param>
          </params>
        </test-method>
        <test-method is-config="true" signature="afterSuite()[pri:0, instance:tests.LoginUserTest@66d1af89]" started-at="2021-02-21T11:10:28Z" name="afterSuite" finished-at="2021-02-21T11:10:28Z" duration-ms="131" status="PASS">
        </test-method>
      </class>
    </test>
  </suite>
</testng-results>
